Summary of SPARK analysis
=========================

------------------------------------------------------------------------------------------------------
SPARK Analysis results        Total      Flow   Interval   CodePeer     Provers   Justified   Unproved
------------------------------------------------------------------------------------------------------
Data Dependencies                 .         .          .          .           .           .          .
Flow Dependencies                 .         .          .          .           .           .          .
Initialization                    .         .          .          .           .           .          .
Non-Aliasing                      .         .          .          .           .           .          .
Run-time Checks                  10         .          .          .    9 (CVC4)           .          1
Assertions                        .         .          .          .           .           .          .
Functional Contracts              .         .          .          .           .           .          .
LSP Verification                  .         .          .          .           .           .          .
------------------------------------------------------------------------------------------------------
Total                            10         .          .          .     9 (90%)           .    1 (10%)


max steps used for successful proof: 1

Analyzed 1 unit
in unit main, 4 subprograms and packages out of 4 analyzed
  Main at main.adb:2 flow analyzed (0 errors, 0 checks and 0 warnings) and proved (1 checks)
  Main.Count_Islands at main.adb:48 flow analyzed (0 errors, 0 checks and 0 warnings) and not proved, 0 checks out of 1 proved
  Main.Is_Unvisited_Land at main.adb:15 flow analyzed (0 errors, 0 checks and 0 warnings) and proved (2 checks)
  Main.Visit_Islands at main.adb:29 flow analyzed (0 errors, 0 checks and 1 warnings) and proved (6 checks)
