Summary of SPARK analysis
=========================

------------------------------------------------------------------------------------------------------------------------
SPARK Analysis results        Total      Flow   Interval   CodePeer                      Provers   Justified    Unproved
------------------------------------------------------------------------------------------------------------------------
Data Dependencies                 .         .          .          .                            .           .           .
Flow Dependencies                 .         .          .          .                            .           .           .
Initialization                    .         .          .          .                            .           .           .
Non-Aliasing                      .         .          .          .                            .           .           .
Run-time Checks                  24         .          .          .                    15 (CVC4)           .           9
Assertions                        .         .          .          .                            .           .           .
Functional Contracts             12         .          .          .    6 (CVC4 79%, Trivial 21%)           .           6
LSP Verification                  .         .          .          .                            .           .           .
------------------------------------------------------------------------------------------------------------------------
Total                            36         .          .          .                     21 (58%)           .    15 (42%)


max steps used for successful proof: 1

Analyzed 2 units
in unit islands, 3 subprograms and packages out of 3 analyzed
  Islands at islands.ads:1 flow analyzed (0 errors, 0 checks and 0 warnings) and proved (0 checks)
  Islands.Count_Islands at islands.ads:47 flow analyzed (0 errors, 0 checks and 0 warnings) and not proved, 1 checks out of 2 proved
  Islands.Visit_Islands at islands.ads:31 flow analyzed (0 errors, 0 checks and 0 warnings) and not proved, 18 checks out of 32 proved
in unit main, 1 subprograms and packages out of 1 analyzed
  Main at main.adb:3 flow analyzed (0 errors, 0 checks and 0 warnings) and proved (2 checks)
