Summary of SPARK analysis
=========================

-----------------------------------------------------------------------------------------------------------------------
SPARK Analysis results        Total      Flow   Interval   CodePeer                      Provers   Justified   Unproved
-----------------------------------------------------------------------------------------------------------------------
Data Dependencies                 .         .          .          .                            .           .          .
Flow Dependencies                 .         .          .          .                            .           .          .
Initialization                    1         .          .          .                            .           .          1
Non-Aliasing                      .         .          .          .                            .           .          .
Run-time Checks                  12         .          .          .                    11 (CVC4)           .          1
Assertions                        .         .          .          .                            .           .          .
Functional Contracts              7         .          .          .    6 (CVC4 79%, Trivial 21%)           .          1
LSP Verification                  .         .          .          .                            .           .          .
-----------------------------------------------------------------------------------------------------------------------
Total                            20         .          .          .                     17 (85%)           .    3 (15%)


max steps used for successful proof: 1

Analyzed 2 units
in unit islands, 3 subprograms and packages out of 3 analyzed
  Islands at islands.ads:1 flow analyzed (0 errors, 0 checks and 0 warnings) and proved (0 checks)
  Islands.Count_Islands at islands.ads:47 flow analyzed (0 errors, 0 checks and 0 warnings) and not proved, 1 checks out of 3 proved
  Islands.Visit_Islands at islands.ads:33 flow analyzed (0 errors, 0 checks and 0 warnings) and proved (14 checks)
in unit main, 1 subprograms and packages out of 1 analyzed
  Main at main.adb:3 flow analyzed (0 errors, 1 checks and 0 warnings) and proved (2 checks)
