Summary of SPARK analysis
=========================

------------------------------------------------------------------------------------------------------
SPARK Analysis results        Total      Flow   Interval   CodePeer     Provers   Justified   Unproved
------------------------------------------------------------------------------------------------------
Data Dependencies                 .         .          .          .           .           .          .
Flow Dependencies                 .         .          .          .           .           .          .
Initialization                    .         .          .          .           .           .          .
Non-Aliasing                      .         .          .          .           .           .          .
Run-time Checks                  10         .          .          .    7 (CVC4)           .          3
Assertions                        .         .          .          .           .           .          .
Functional Contracts              5         .          .          .           .           .          5
LSP Verification                  .         .          .          .           .           .          .
------------------------------------------------------------------------------------------------------
Total                            15         .          .          .     7 (47%)           .    8 (53%)


max steps used for successful proof: 1

Analyzed 1 unit
in unit main, 4 subprograms and packages out of 4 analyzed
  Main at main.adb:2 flow analyzed (0 errors, 0 checks and 0 warnings) and proved (1 checks)
  Main.Count_Islands at main.adb:46 flow analyzed (0 errors, 0 checks and 0 warnings) and not proved, 0 checks out of 2 proved
  Main.Is_Unvisited_Land at main.adb:15 flow analyzed (0 errors, 0 checks and 0 warnings) and proved (2 checks)
  Main.Visit_Islands at main.adb:29 flow analyzed (0 errors, 0 checks and 1 warnings) and not proved, 4 checks out of 10 proved
