Summary of SPARK analysis
=========================

-------------------------------------------------------------------------------------------------------
SPARK Analysis results        Total      Flow   Interval   CodePeer      Provers   Justified   Unproved
-------------------------------------------------------------------------------------------------------
Data Dependencies                 .         .          .          .            .           .          .
Flow Dependencies                 .         .          .          .            .           .          .
Initialization                    .         .          .          .            .           .          .
Non-Aliasing                      .         .          .          .            .           .          .
Run-time Checks                  18         .          .          .    17 (CVC4)           .          1
Assertions                        .         .          .          .            .           .          .
Functional Contracts              .         .          .          .            .           .          .
LSP Verification                  .         .          .          .            .           .          .
-------------------------------------------------------------------------------------------------------
Total                            18         .          .          .     17 (94%)           .     1 (6%)


max steps used for successful proof: 1

Analyzed 1 unit
in unit main, 4 subprograms and packages out of 4 analyzed
  Main at main.adb:2 flow analyzed (0 errors, 0 checks and 0 warnings) and proved (1 checks)
  Main.Count_Islands at main.adb:82 flow analyzed (0 errors, 0 checks and 0 warnings) and not proved, 0 checks out of 1 proved
  Main.Is_Unvisited_Land at main.adb:18 flow analyzed (0 errors, 0 checks and 0 warnings) and proved (4 checks)
  Main.Visit_Islands at main.adb:55 flow analyzed (0 errors, 0 checks and 7 warnings) and proved (12 checks)
