Summary of SPARK analysis
=========================

------------------------------------------------------------------------------------------------------
SPARK Analysis results        Total      Flow   Interval   CodePeer     Provers   Justified   Unproved
------------------------------------------------------------------------------------------------------
Data Dependencies                 .         .          .          .           .           .          .
Flow Dependencies                 .         .          .          .           .           .          .
Initialization                    .         .          .          .           .           .          .
Non-Aliasing                      .         .          .          .           .           .          .
Run-time Checks                   4         .          .          .    3 (CVC4)           .          1
Assertions                        .         .          .          .           .           .          .
Functional Contracts              .         .          .          .           .           .          .
LSP Verification                  .         .          .          .           .           .          .
------------------------------------------------------------------------------------------------------
Total                             4         .          .          .     3 (75%)           .    1 (25%)


max steps used for successful proof: 1

Analyzed 1 unit
in unit main, 2 subprograms and packages out of 2 analyzed
  Main at main.adb:2 flow analyzed (0 errors, 0 checks and 0 warnings) and not proved, 3 checks out of 4 proved
  Main.Count_Islands at main.adb:15 flow analyzed (0 errors, 0 checks and 0 warnings) and proved (0 checks)
