Summary of SPARK analysis
=========================

-----------------------------------------------------------------------------------------------------------------------
SPARK Analysis results        Total      Flow   Interval   CodePeer                      Provers   Justified   Unproved
-----------------------------------------------------------------------------------------------------------------------
Data Dependencies                 .         .          .          .                            .           .          .
Flow Dependencies                 .         .          .          .                            .           .          .
Initialization                    .         .          .          .                            .           .          .
Non-Aliasing                      .         .          .          .                            .           .          .
Run-time Checks                  16         .          .          .                    11 (CVC4)           .          5
Assertions                        .         .          .          .                            .           .          .
Functional Contracts              5         .          .          .    4 (CVC4 60%, Trivial 40%)           .          1
LSP Verification                  .         .          .          .                            .           .          .
-----------------------------------------------------------------------------------------------------------------------
Total                            21         .          .          .                     15 (71%)           .    6 (29%)


max steps used for successful proof: 1

Analyzed 2 units
in unit islands, 3 subprograms and packages out of 3 analyzed
  Islands at islands.ads:1 flow analyzed (0 errors, 0 checks and 0 warnings) and proved (0 checks)
  Islands.Count_Islands at islands.ads:45 flow analyzed (0 errors, 0 checks and 0 warnings) and not proved, 0 checks out of 1 proved
  Islands.Visit_Islands at islands.ads:31 flow analyzed (0 errors, 0 checks and 0 warnings) and not proved, 13 checks out of 18 proved
in unit main, 1 subprograms and packages out of 1 analyzed
  Main at main.adb:3 flow analyzed (0 errors, 0 checks and 0 warnings) and proved (2 checks)
