Summary of SPARK analysis
=========================

-------------------------------------------------------------------------------------------------------
SPARK Analysis results        Total      Flow   Interval   CodePeer      Provers   Justified   Unproved
-------------------------------------------------------------------------------------------------------
Data Dependencies                 1         1          .          .            .           .          .
Flow Dependencies                 .         .          .          .            .           .          .
Initialization                    .         .          .          .            .           .          .
Non-Aliasing                      .         .          .          .            .           .          .
Run-time Checks                  13         .          .          .    13 (CVC4)           .          .
Assertions                        .         .          .          .            .           .          .
Functional Contracts              .         .          .          .            .           .          .
LSP Verification                  .         .          .          .            .           .          .
-------------------------------------------------------------------------------------------------------
Total                            14    1 (7%)          .          .     13 (93%)           .          .


max steps used for successful proof: 1

Analyzed 2 units
in unit islands, 3 subprograms and packages out of 3 analyzed
  Islands at islands.ads:1 flow analyzed (0 errors, 0 checks and 0 warnings) and proved (0 checks)
  Islands.Count_Islands at islands.ads:22 flow analyzed (0 errors, 0 checks and 6 warnings) and proved (0 checks)
  Islands.Visit_Islands at islands.ads:18 flow analyzed (0 errors, 0 checks and 0 warnings) and proved (12 checks)
in unit main, 1 subprograms and packages out of 1 analyzed
  Main at main.adb:3 flow analyzed (0 errors, 0 checks and 0 warnings) and proved (1 checks)
