Summary of SPARK analysis
=========================

-----------------------------------------------------------------------------------------------------------------------
SPARK Analysis results        Total      Flow   Interval   CodePeer                      Provers   Justified   Unproved
-----------------------------------------------------------------------------------------------------------------------
Data Dependencies                 1         1          .          .                            .           .          .
Flow Dependencies                 .         .          .          .                            .           .          .
Initialization                    .         .          .          .                            .           .          .
Non-Aliasing                      .         .          .          .                            .           .          .
Run-time Checks                  12         .          .          .                    12 (CVC4)           .          .
Assertions                        .         .          .          .                            .           .          .
Functional Contracts              5         .          .          .    5 (CVC4 67%, Trivial 33%)           .          .
LSP Verification                  .         .          .          .                            .           .          .
-----------------------------------------------------------------------------------------------------------------------
Total                            18    1 (6%)          .          .                     17 (94%)           .          .


max steps used for successful proof: 1

Analyzed 2 units
in unit islands, 3 subprograms and packages out of 3 analyzed
  Islands at islands.ads:1 flow analyzed (0 errors, 0 checks and 0 warnings) and proved (0 checks)
  Islands.Count_Islands at islands.ads:35 flow analyzed (0 errors, 0 checks and 0 warnings) and proved (2 checks)
  Islands.Visit_Islands at islands.ads:27 flow analyzed (0 errors, 0 checks and 0 warnings) and proved (14 checks)
in unit main, 1 subprograms and packages out of 1 analyzed
  Main at main.adb:3 flow analyzed (0 errors, 0 checks and 0 warnings) and proved (1 checks)
