Summary of SPARK analysis
=========================

-----------------------------------------------------------------------------------------------------------------------
SPARK Analysis results        Total      Flow   Interval   CodePeer                      Provers   Justified   Unproved
-----------------------------------------------------------------------------------------------------------------------
Data Dependencies                 .         .          .          .                            .           .          .
Flow Dependencies                 .         .          .          .                            .           .          .
Initialization                    2         2          .          .                            .           .          .
Non-Aliasing                      .         .          .          .                            .           .          .
Run-time Checks                  17         .          .          .                    17 (CVC4)           .          .
Assertions                       10         .          .          .                    10 (CVC4)           .          .
Functional Contracts              6         .          .          .    6 (CVC4 77%, Trivial 23%)           .          .
LSP Verification                  .         .          .          .                            .           .          .
-----------------------------------------------------------------------------------------------------------------------
Total                            35    2 (6%)          .          .                     33 (94%)           .          .


max steps used for successful proof: 1

Analyzed 2 units
in unit islands, 3 subprograms and packages out of 3 analyzed
  Islands at islands.ads:1 flow analyzed (0 errors, 0 checks and 0 warnings) and proved (0 checks)
  Islands.Count_Islands at islands.ads:47 flow analyzed (0 errors, 0 checks and 0 warnings) and proved (17 checks)
  Islands.Visit_Islands at islands.ads:33 flow analyzed (0 errors, 0 checks and 0 warnings) and proved (14 checks)
in unit main, 1 subprograms and packages out of 1 analyzed
  Main at main.adb:3 flow analyzed (0 errors, 0 checks and 0 warnings) and proved (2 checks)
