Summary of SPARK analysis
=========================

-----------------------------------------------------------------------------------------------------------------------
SPARK Analysis results        Total      Flow   Interval   CodePeer                      Provers   Justified   Unproved
-----------------------------------------------------------------------------------------------------------------------
Data Dependencies                 1         1          .          .                            .           .          .
Flow Dependencies                 .         .          .          .                            .           .          .
Initialization                    .         .          .          .                            .           .          .
Non-Aliasing                      .         .          .          .                            .           .          .
Run-time Checks                  14         .          .          .                    11 (CVC4)           .          3
Assertions                        .         .          .          .                            .           .          .
Functional Contracts              7         .          .          .    5 (CVC4 80%, Trivial 20%)           .          2
LSP Verification                  .         .          .          .                            .           .          .
-----------------------------------------------------------------------------------------------------------------------
Total                            22    1 (5%)          .          .                     16 (73%)           .    5 (23%)


max steps used for successful proof: 1

Analyzed 2 units
in unit islands, 3 subprograms and packages out of 3 analyzed
  Islands at islands.ads:1 flow analyzed (0 errors, 0 checks and 0 warnings) and proved (0 checks)
  Islands.Count_Islands at islands.ads:31 flow analyzed (0 errors, 0 checks and 0 warnings) and not proved, 0 checks out of 3 proved
  Islands.Visit_Islands at islands.ads:25 flow analyzed (0 errors, 0 checks and 0 warnings) and not proved, 14 checks out of 16 proved
in unit main, 1 subprograms and packages out of 1 analyzed
  Main at main.adb:3 flow analyzed (0 errors, 0 checks and 0 warnings) and proved (2 checks)
